android/app/build/intermediates/manifest_merge_blame_file/debug/manifest-merger-blame-debug-report.txt
1<?xml version="1.0" encoding="utf-8"?>
2<manifest xmlns:android="http://schemas.android.com/apk/res/android"
3    package="com.rn_starter_kit"
4    android:versionCode="1"
5    android:versionName="1.0" >
6
7    <uses-sdk
8        android:minSdkVersion="16"
9        android:targetSdkVersion="28" />
10
11    <uses-permission android:name="android.permission.SYSTEM_ALERT_WINDOW" />
11-->src/debug/AndroidManifest.xml:5:5-77
11-->src/debug/AndroidManifest.xml:5:22-75
12    <uses-permission android:name="android.permission.INTERNET" />
12-->src/main/AndroidManifest.xml:4:5-67
12-->src/main/AndroidManifest.xml:4:22-64
13    <uses-permission android:name="android.permission.ACCESS_WIFI_STATE" />
13-->[com.facebook.flipper:flipper:0.33.1] AndroidManifest.xml:16:5-76
13-->[com.facebook.flipper:flipper:0.33.1] AndroidManifest.xml:16:22-73
14    <uses-permission android:name="android.permission.WAKE_LOCK" />
14-->[:react-native-firebase_auth] AndroidManifest.xml:12:5-68
14-->[:react-native-firebase_auth] AndroidManifest.xml:12:22-65
15    <uses-permission android:name="android.permission.ACCESS_NETWORK_STATE" />
15-->[:react-native-firebase_auth] AndroidManifest.xml:13:5-79
15-->[:react-native-firebase_auth] AndroidManifest.xml:13:22-76
16    <uses-permission android:name="com.google.android.finsky.permission.BIND_GET_INSTALL_REFERRER_SERVICE" />
16-->[com.google.android.gms:play-services-measurement:19.0.0] AndroidManifest.xml:26:5-110
16-->[com.google.android.gms:play-services-measurement:19.0.0] AndroidManifest.xml:26:22-107
17
18    <application
18-->src/main/AndroidManifest.xml:6:5-29:19
19        android:name="com.rn_starter_kit.MainApplication"
19-->src/main/AndroidManifest.xml:7:7-38
20        android:allowBackup="false"
20-->src/main/AndroidManifest.xml:11:7-34
21        android:appComponentFactory="androidx.core.app.CoreComponentFactory"
21-->[androidx.core:core:1.1.0] AndroidManifest.xml:24:18-86
22        android:debuggable="true"
23        android:icon="@mipmap/ic_launcher"
23-->src/main/AndroidManifest.xml:9:7-41
24        android:label="@string/app_name"
24-->src/main/AndroidManifest.xml:8:7-39
25        android:roundIcon="@mipmap/ic_launcher_round"
25-->src/main/AndroidManifest.xml:10:7-52
26        android:supportsRtl="true"
26-->[com.facebook.android:facebook-android-sdk:5.15.3] AndroidManifest.xml:28:18-44
27        android:theme="@style/AppTheme"
27-->src/main/AndroidManifest.xml:12:7-38
28        android:usesCleartextTraffic="true" >
28-->src/debug/AndroidManifest.xml:7:18-53
29        <meta-data
29-->src/main/AndroidManifest.xml:13:7-15:68
30            android:name="com.google.android.geo.API_KEY"
30-->src/main/AndroidManifest.xml:14:11-56
31            android:value="AIzaSyDOJM4bdpX3wXWQyx1m5mkQCFohWn1S7pI" />
31-->src/main/AndroidManifest.xml:15:11-66
32
33        <activity
33-->src/main/AndroidManifest.xml:16:7-26:18
34            android:name="com.rn_starter_kit.MainActivity"
34-->src/main/AndroidManifest.xml:17:9-37
35            android:configChanges="keyboard|keyboardHidden|orientation|screenSize|uiMode"
35-->src/main/AndroidManifest.xml:19:9-86
36            android:label="@string/app_name"
36-->src/main/AndroidManifest.xml:18:9-41
37            android:launchMode="singleTask"
37-->src/main/AndroidManifest.xml:20:9-40
38            android:windowSoftInputMode="adjustResize" >
38-->src/main/AndroidManifest.xml:21:9-51
39            <intent-filter>
39-->src/main/AndroidManifest.xml:22:9-25:25
40                <action android:name="android.intent.action.MAIN" />
40-->src/main/AndroidManifest.xml:23:13-65
40-->src/main/AndroidManifest.xml:23:21-62
41
42                <category android:name="android.intent.category.LAUNCHER" />
42-->src/main/AndroidManifest.xml:24:13-73
42-->src/main/AndroidManifest.xml:24:23-70
43            </intent-filter>
44        </activity>
45        <activity android:name="com.facebook.react.devsupport.DevSettingsActivity" />
45-->src/main/AndroidManifest.xml:27:7-84
45-->src/main/AndroidManifest.xml:27:17-81
46
47        <meta-data
47-->src/main/AndroidManifest.xml:28:7-105
48            android:name="com.facebook.sdk.ApplicationId"
48-->src/main/AndroidManifest.xml:28:18-63
49            android:value="@string/facebook_app_id" />
49-->src/main/AndroidManifest.xml:28:64-103
50
51        <activity
51-->[com.facebook.android:facebook-common:5.15.3] AndroidManifest.xml:30:9-33:66
52            android:name="com.facebook.FacebookActivity"
52-->[com.facebook.android:facebook-common:5.15.3] AndroidManifest.xml:31:13-57
53            android:configChanges="keyboard|keyboardHidden|screenLayout|screenSize|orientation"
53-->[com.facebook.android:facebook-common:5.15.3] AndroidManifest.xml:32:13-96
54            android:theme="@style/com_facebook_activity_theme" />
54-->[com.facebook.android:facebook-common:5.15.3] AndroidManifest.xml:33:13-63
55        <activity android:name="com.facebook.CustomTabMainActivity" />
55-->[com.facebook.android:facebook-common:5.15.3] AndroidManifest.xml:34:9-71
55-->[com.facebook.android:facebook-common:5.15.3] AndroidManifest.xml:34:19-68
56        <activity
56-->[com.facebook.android:facebook-common:5.15.3] AndroidManifest.xml:35:9-49:20
57            android:name="com.facebook.CustomTabActivity"
57-->[com.facebook.android:facebook-common:5.15.3] AndroidManifest.xml:36:13-58
58            android:exported="true" >
58-->[com.facebook.android:facebook-common:5.15.3] AndroidManifest.xml:37:13-36
59            <intent-filter>
59-->[com.facebook.android:facebook-common:5.15.3] AndroidManifest.xml:39:13-48:29
60                <action android:name="android.intent.action.VIEW" />
60-->[com.facebook.android:facebook-common:5.15.3] AndroidManifest.xml:40:17-69
60-->[com.facebook.android:facebook-common:5.15.3] AndroidManifest.xml:40:25-66
61
62                <category android:name="android.intent.category.DEFAULT" />
62-->[com.facebook.android:facebook-common:5.15.3] AndroidManifest.xml:42:17-76
62-->[com.facebook.android:facebook-common:5.15.3] AndroidManifest.xml:42:27-73
63                <category android:name="android.intent.category.BROWSABLE" />
63-->[com.facebook.android:facebook-common:5.15.3] AndroidManifest.xml:43:17-78
63-->[com.facebook.android:facebook-common:5.15.3] AndroidManifest.xml:43:27-75
64
65                <data
65-->[com.facebook.android:facebook-common:5.15.3] AndroidManifest.xml:45:17-47:50
66                    android:host="cct.com.rn_starter_kit"
66-->[com.facebook.android:facebook-common:5.15.3] AndroidManifest.xml:46:21-56
67                    android:scheme="fbconnect" />
67-->[com.facebook.android:facebook-common:5.15.3] AndroidManifest.xml:47:21-47
68            </intent-filter>
69        </activity>
70        <activity
70-->[com.google.firebase:firebase-auth:21.0.1] AndroidManifest.xml:27:9-44:20
71            android:name="com.google.firebase.auth.internal.GenericIdpActivity"
71-->[com.google.firebase:firebase-auth:21.0.1] AndroidManifest.xml:28:13-80
72            android:excludeFromRecents="true"
72-->[com.google.firebase:firebase-auth:21.0.1] AndroidManifest.xml:29:13-46
73            android:exported="true"
73-->[com.google.firebase:firebase-auth:21.0.1] AndroidManifest.xml:30:13-36
74            android:launchMode="singleTask"
74-->[com.google.firebase:firebase-auth:21.0.1] AndroidManifest.xml:31:13-44
75            android:theme="@android:style/Theme.Translucent.NoTitleBar" >
75-->[com.google.firebase:firebase-auth:21.0.1] AndroidManifest.xml:32:13-72
76            <intent-filter>
76-->[com.google.firebase:firebase-auth:21.0.1] AndroidManifest.xml:33:13-43:29
77                <action android:name="android.intent.action.VIEW" />
77-->[com.facebook.android:facebook-common:5.15.3] AndroidManifest.xml:40:17-69
77-->[com.facebook.android:facebook-common:5.15.3] AndroidManifest.xml:40:25-66
78
79                <category android:name="android.intent.category.DEFAULT" />
79-->[com.facebook.android:facebook-common:5.15.3] AndroidManifest.xml:42:17-76
79-->[com.facebook.android:facebook-common:5.15.3] AndroidManifest.xml:42:27-73
80                <category android:name="android.intent.category.BROWSABLE" />
80-->[com.facebook.android:facebook-common:5.15.3] AndroidManifest.xml:43:17-78
80-->[com.facebook.android:facebook-common:5.15.3] AndroidManifest.xml:43:27-75
81
82                <data
82-->[com.facebook.android:facebook-common:5.15.3] AndroidManifest.xml:45:17-47:50
83                    android:host="firebase.auth"
83-->[com.facebook.android:facebook-common:5.15.3] AndroidManifest.xml:46:21-56
84                    android:path="/"
85                    android:scheme="genericidp" />
85-->[com.facebook.android:facebook-common:5.15.3] AndroidManifest.xml:47:21-47
86            </intent-filter>
87        </activity>
88        <activity
88-->[com.google.firebase:firebase-auth:21.0.1] AndroidManifest.xml:45:9-62:20
89            android:name="com.google.firebase.auth.internal.RecaptchaActivity"
89-->[com.google.firebase:firebase-auth:21.0.1] AndroidManifest.xml:46:13-79
90            android:excludeFromRecents="true"
90-->[com.google.firebase:firebase-auth:21.0.1] AndroidManifest.xml:47:13-46
91            android:exported="true"
91-->[com.google.firebase:firebase-auth:21.0.1] AndroidManifest.xml:48:13-36
92            android:launchMode="singleTask"
92-->[com.google.firebase:firebase-auth:21.0.1] AndroidManifest.xml:49:13-44
93            android:theme="@android:style/Theme.Translucent.NoTitleBar" >
93-->[com.google.firebase:firebase-auth:21.0.1] AndroidManifest.xml:50:13-72
94            <intent-filter>
94-->[com.google.firebase:firebase-auth:21.0.1] AndroidManifest.xml:51:13-61:29
95                <action android:name="android.intent.action.VIEW" />
95-->[com.facebook.android:facebook-common:5.15.3] AndroidManifest.xml:40:17-69
95-->[com.facebook.android:facebook-common:5.15.3] AndroidManifest.xml:40:25-66
96
97                <category android:name="android.intent.category.DEFAULT" />
97-->[com.facebook.android:facebook-common:5.15.3] AndroidManifest.xml:42:17-76
97-->[com.facebook.android:facebook-common:5.15.3] AndroidManifest.xml:42:27-73
98                <category android:name="android.intent.category.BROWSABLE" />
98-->[com.facebook.android:facebook-common:5.15.3] AndroidManifest.xml:43:17-78
98-->[com.facebook.android:facebook-common:5.15.3] AndroidManifest.xml:43:27-75
99
100                <data
100-->[com.facebook.android:facebook-common:5.15.3] AndroidManifest.xml:45:17-47:50
101                    android:host="firebase.auth"
101-->[com.facebook.android:facebook-common:5.15.3] AndroidManifest.xml:46:21-56
102                    android:path="/"
103                    android:scheme="recaptcha" />
103-->[com.facebook.android:facebook-common:5.15.3] AndroidManifest.xml:47:21-47
104            </intent-filter>
105        </activity>
106
107        <service
107-->[com.google.firebase:firebase-auth:21.0.1] AndroidManifest.xml:64:9-73:19
108            android:name="com.google.firebase.auth.api.fallback.service.FirebaseAuthFallbackService"
108-->[com.google.firebase:firebase-auth:21.0.1] AndroidManifest.xml:65:13-101
109            android:enabled="true"
109-->[com.google.firebase:firebase-auth:21.0.1] AndroidManifest.xml:66:13-35
110            android:exported="false" >
110-->[com.google.firebase:firebase-auth:21.0.1] AndroidManifest.xml:67:13-37
111            <intent-filter>
111-->[com.google.firebase:firebase-auth:21.0.1] AndroidManifest.xml:68:13-72:29
112                <action android:name="com.google.firebase.auth.api.gms.service.START" />
112-->[com.google.firebase:firebase-auth:21.0.1] AndroidManifest.xml:69:17-89
112-->[com.google.firebase:firebase-auth:21.0.1] AndroidManifest.xml:69:25-86
113
114                <category android:name="android.intent.category.DEFAULT" />
114-->[com.facebook.android:facebook-common:5.15.3] AndroidManifest.xml:42:17-76
114-->[com.facebook.android:facebook-common:5.15.3] AndroidManifest.xml:42:27-73
115            </intent-filter>
116        </service>
117        <service
117-->[com.google.firebase:firebase-auth:21.0.1] AndroidManifest.xml:74:9-80:19
118            android:name="com.google.firebase.components.ComponentDiscoveryService"
118-->[com.google.firebase:firebase-auth:21.0.1] AndroidManifest.xml:75:13-84
119            android:directBootAware="true"
119-->[com.google.firebase:firebase-common:20.0.0] AndroidManifest.xml:35:13-43
120            android:exported="false" >
120-->[com.google.firebase:firebase-auth:21.0.1] AndroidManifest.xml:76:13-37
121            <meta-data
121-->[com.google.firebase:firebase-auth:21.0.1] AndroidManifest.xml:77:13-79:85
122                android:name="com.google.firebase.components:com.google.firebase.auth.FirebaseAuthRegistrar"
122-->[com.google.firebase:firebase-auth:21.0.1] AndroidManifest.xml:78:17-109
123                android:value="com.google.firebase.components.ComponentRegistrar" />
123-->[com.google.firebase:firebase-auth:21.0.1] AndroidManifest.xml:79:17-82
124            <meta-data
124-->[com.google.firebase:firebase-firestore:23.0.3] AndroidManifest.xml:20:13-22:85
125                android:name="com.google.firebase.components:com.google.firebase.firestore.FirestoreRegistrar"
125-->[com.google.firebase:firebase-firestore:23.0.3] AndroidManifest.xml:21:17-111
126                android:value="com.google.firebase.components.ComponentRegistrar" />
126-->[com.google.firebase:firebase-firestore:23.0.3] AndroidManifest.xml:22:17-82
127            <meta-data
127-->[com.google.android.gms:play-services-measurement-api:19.0.0] AndroidManifest.xml:30:13-32:85
128                android:name="com.google.firebase.components:com.google.firebase.analytics.connector.internal.AnalyticsConnectorRegistrar"
128-->[com.google.android.gms:play-services-measurement-api:19.0.0] AndroidManifest.xml:31:17-139
129                android:value="com.google.firebase.components.ComponentRegistrar" />
129-->[com.google.android.gms:play-services-measurement-api:19.0.0] AndroidManifest.xml:32:17-82
130            <meta-data
130-->[com.google.firebase:firebase-installations:17.0.0] AndroidManifest.xml:18:13-20:85
131                android:name="com.google.firebase.components:com.google.firebase.installations.FirebaseInstallationsRegistrar"
131-->[com.google.firebase:firebase-installations:17.0.0] AndroidManifest.xml:19:17-127
132                android:value="com.google.firebase.components.ComponentRegistrar" />
132-->[com.google.firebase:firebase-installations:17.0.0] AndroidManifest.xml:20:17-82
133        </service>
134
135        <provider
135-->[com.google.firebase:firebase-common:20.0.0] AndroidManifest.xml:26:9-31:39
136            android:name="com.google.firebase.provider.FirebaseInitProvider"
136-->[com.google.firebase:firebase-common:20.0.0] AndroidManifest.xml:27:13-77
137            android:authorities="com.rn_starter_kit.firebaseinitprovider"
137-->[com.google.firebase:firebase-common:20.0.0] AndroidManifest.xml:28:13-72
138            android:directBootAware="true"
138-->[com.google.firebase:firebase-common:20.0.0] AndroidManifest.xml:29:13-43
139            android:exported="false"
139-->[com.google.firebase:firebase-common:20.0.0] AndroidManifest.xml:30:13-37
140            android:initOrder="100" />
140-->[com.google.firebase:firebase-common:20.0.0] AndroidManifest.xml:31:13-36
141
142        <meta-data
142-->[com.github.bumptech.glide:okhttp3-integration:4.11.0] AndroidManifest.xml:11:9-13:43
143            android:name="com.bumptech.glide.integration.okhttp3.OkHttpGlideModule"
143-->[com.github.bumptech.glide:okhttp3-integration:4.11.0] AndroidManifest.xml:12:13-84
144            android:value="GlideModule" />
144-->[com.github.bumptech.glide:okhttp3-integration:4.11.0] AndroidManifest.xml:13:13-40
145        <!--
146         The initialization ContentProvider will call FacebookSdk.sdkInitialize automatically
147         with the application context. This config is merged in with the host app's manifest,
148         but there can only be one provider with the same authority activated at any given
149         point; so if the end user has two or more different apps that use Facebook SDK, only the
150         first one will be able to use the provider. To work around this problem, we use the
151         following placeholder in the authority to identify each host application as if it was
152         a completely different provider.
153        -->
154        <provider
154-->[com.facebook.android:facebook-core:5.15.3] AndroidManifest.xml:39:9-42:40
155            android:name="com.facebook.internal.FacebookInitProvider"
155-->[com.facebook.android:facebook-core:5.15.3] AndroidManifest.xml:40:13-70
156            android:authorities="com.rn_starter_kit.FacebookInitProvider"
156-->[com.facebook.android:facebook-core:5.15.3] AndroidManifest.xml:41:13-72
157            android:exported="false" />
157-->[com.facebook.android:facebook-core:5.15.3] AndroidManifest.xml:42:13-37
158
159        <receiver
159-->[com.facebook.android:facebook-core:5.15.3] AndroidManifest.xml:44:9-50:20
160            android:name="com.facebook.CurrentAccessTokenExpirationBroadcastReceiver"
160-->[com.facebook.android:facebook-core:5.15.3] AndroidManifest.xml:45:13-86
161            android:exported="false" >
161-->[com.facebook.android:facebook-core:5.15.3] AndroidManifest.xml:46:13-37
162            <intent-filter>
162-->[com.facebook.android:facebook-core:5.15.3] AndroidManifest.xml:47:13-49:29
163                <action android:name="com.facebook.sdk.ACTION_CURRENT_ACCESS_TOKEN_CHANGED" />
163-->[com.facebook.android:facebook-core:5.15.3] AndroidManifest.xml:48:17-95
163-->[com.facebook.android:facebook-core:5.15.3] AndroidManifest.xml:48:25-92
164            </intent-filter>
165        </receiver>
166
167        <activity
167-->[com.google.android.gms:play-services-auth:19.0.0] AndroidManifest.xml:23:9-27:75
168            android:name="com.google.android.gms.auth.api.signin.internal.SignInHubActivity"
168-->[com.google.android.gms:play-services-auth:19.0.0] AndroidManifest.xml:24:13-93
169            android:excludeFromRecents="true"
169-->[com.google.android.gms:play-services-auth:19.0.0] AndroidManifest.xml:25:13-46
170            android:exported="false"
170-->[com.google.android.gms:play-services-auth:19.0.0] AndroidManifest.xml:26:13-37
171            android:theme="@android:style/Theme.Translucent.NoTitleBar" />
171-->[com.google.android.gms:play-services-auth:19.0.0] AndroidManifest.xml:27:13-72
172        <!--
173            Service handling Google Sign-In user revocation. For apps that do not integrate with
174            Google Sign-In, this service will never be started.
175        -->
176        <service
176-->[com.google.android.gms:play-services-auth:19.0.0] AndroidManifest.xml:33:9-37:51
177            android:name="com.google.android.gms.auth.api.signin.RevocationBoundService"
177-->[com.google.android.gms:play-services-auth:19.0.0] AndroidManifest.xml:34:13-89
178            android:exported="true"
178-->[com.google.android.gms:play-services-auth:19.0.0] AndroidManifest.xml:35:13-36
179            android:permission="com.google.android.gms.auth.api.signin.permission.REVOCATION_NOTIFICATION"
179-->[com.google.android.gms:play-services-auth:19.0.0] AndroidManifest.xml:36:13-107
180            android:visibleToInstantApps="true" />
180-->[com.google.android.gms:play-services-auth:19.0.0] AndroidManifest.xml:37:13-48
181
182        <activity
182-->[com.google.android.gms:play-services-base:17.1.0] AndroidManifest.xml:23:9-26:75
183            android:name="com.google.android.gms.common.api.GoogleApiActivity"
183-->[com.google.android.gms:play-services-base:17.1.0] AndroidManifest.xml:24:13-79
184            android:exported="false"
184-->[com.google.android.gms:play-services-base:17.1.0] AndroidManifest.xml:25:13-37
185            android:theme="@android:style/Theme.Translucent.NoTitleBar" />
185-->[com.google.android.gms:play-services-base:17.1.0] AndroidManifest.xml:26:13-72
186
187        <receiver
187-->[com.google.android.gms:play-services-measurement:19.0.0] AndroidManifest.xml:29:9-33:20
188            android:name="com.google.android.gms.measurement.AppMeasurementReceiver"
188-->[com.google.android.gms:play-services-measurement:19.0.0] AndroidManifest.xml:30:13-85
189            android:enabled="true"
189-->[com.google.android.gms:play-services-measurement:19.0.0] AndroidManifest.xml:31:13-35
190            android:exported="false" >
190-->[com.google.android.gms:play-services-measurement:19.0.0] AndroidManifest.xml:32:13-37
191        </receiver>
192
193        <service
193-->[com.google.android.gms:play-services-measurement:19.0.0] AndroidManifest.xml:35:9-38:40
194            android:name="com.google.android.gms.measurement.AppMeasurementService"
194-->[com.google.android.gms:play-services-measurement:19.0.0] AndroidManifest.xml:36:13-84
195            android:enabled="true"
195-->[com.google.android.gms:play-services-measurement:19.0.0] AndroidManifest.xml:37:13-35
196            android:exported="false" />
196-->[com.google.android.gms:play-services-measurement:19.0.0] AndroidManifest.xml:38:13-37
197        <service
197-->[com.google.android.gms:play-services-measurement:19.0.0] AndroidManifest.xml:39:9-43:72
198            android:name="com.google.android.gms.measurement.AppMeasurementJobService"
198-->[com.google.android.gms:play-services-measurement:19.0.0] AndroidManifest.xml:40:13-87
199            android:enabled="true"
199-->[com.google.android.gms:play-services-measurement:19.0.0] AndroidManifest.xml:41:13-35
200            android:exported="false"
200-->[com.google.android.gms:play-services-measurement:19.0.0] AndroidManifest.xml:42:13-37
201            android:permission="android.permission.BIND_JOB_SERVICE" />
201-->[com.google.android.gms:play-services-measurement:19.0.0] AndroidManifest.xml:43:13-69
202
203        <meta-data
203-->[com.google.android.gms:play-services-basement:17.1.1] AndroidManifest.xml:23:9-25:69
204            android:name="com.google.android.gms.version"
204-->[com.google.android.gms:play-services-basement:17.1.1] AndroidManifest.xml:24:13-58
205            android:value="@integer/google_play_services_version" />
205-->[com.google.android.gms:play-services-basement:17.1.1] AndroidManifest.xml:25:13-66
206    </application>
207
208</manifest>